<?xml version="1.0" encoding="UTF-8"?>
<testsuite xmlns:xsi="http://www.w3.org/2001/XMLSchema-instance" xsi:noNamespaceSchemaLocation="https://maven.apache.org/surefire/maven-surefire-plugin/xsd/surefire-test-report-3.0.xsd" version="3.0" name="TestSuite" time="14.057" tests="1" errors="0" skipped="0" failures="0">
  <properties>
[...]
</properties>
  <testcase name="getCurrencyTest" classname="com.qa.take_home_webdriver_test.tests.YourStorePageTest" time="1.717">
    <system-out><![CDATA[ =====> Read Properties Configuration File <===== 
=====> Selenium Take Home WebDriver Test has started <===== 
 =====> The chrome has been opened <===== 
 =====> Selenium Google Chrome <===== 
=====> getCurrencyTest Test started <===== 
01-12-2023 13:47:10 YourStorePage.java INFO  [TestNG-test=Selenium Take Home WebDriver-1] basepage.BasePage 53 - User clicks on the currency button. 
01-12-2023 13:47:11 YourStorePage.java INFO  [TestNG-test=Selenium Take Home WebDriver-1] basepage.BasePage 59 - User selects a currency from drop down menu. 
]]></system-out>
    <system-err><![CDATA[SLF4J: No SLF4J providers were found.
SLF4J: Defaulting to no-operation (NOP) logger implementation
SLF4J: See https://www.slf4j.org/codes.html#noProviders for further details.
Starting ChromeDriver 106.0.5249.61 (511755355844955cd3e264779baf0dd38212a4d0-refs/branch-heads/5249@{#569}) on port 17478
Only local connections are allowed.
Please see https://chromedriver.chromium.org/security-considerations for suggestions on keeping ChromeDriver safe.
ChromeDriver was started successfully.
]]></system-err>
  </testcase>
</testsuite>