<?xml version="1.0" encoding="UTF-8"?>
<!-- Generated by org.testng.reporters.JUnitXMLReporter -->
<testsuite ignored="7" hostname="Macbook-Pro" failures="0" tests="1" name="Selenium Take Home WebDriver" time="12.737" errors="0" timestamp="2023-01-12T13:47:12 EST">
  <testcase classname="com.qa.take_home_webdriver_test.tests.YourStorePageTest" name="getCurrencyTest" time="1.715"/>
  <testcase classname="com.qa.take_home_webdriver_test.tests.YourStorePageTest" name="featuredTest" time="0.0">
    <ignored/>
  </testcase> <!-- featuredTest -->
  <testcase classname="com.qa.take_home_webdriver_test.tests.YourStorePageTest" name="adsTest" time="0.0">
    <ignored/>
  </testcase> <!-- adsTest -->
  <testcase classname="com.qa.take_home_webdriver_test.tests.YourStorePageTest" name="validateNavigationBarsTest" time="0.0">
    <ignored/>
  </testcase> <!-- validateNavigationBarsTest -->
  <testcase classname="com.qa.take_home_webdriver_test.tests.YourStorePageTest" name="doClickOnTheLoginPage" time="0.0">
    <ignored/>
  </testcase> <!-- doClickOnTheLoginPage -->
  <testcase classname="com.qa.take_home_webdriver_test.tests.YourStorePageTest" name="validateYourPageLogoTest" time="0.0">
    <ignored/>
  </testcase> <!-- validateYourPageLogoTest -->
  <testcase classname="com.qa.take_home_webdriver_test.tests.YourStorePageTest" name="adsQuantityTest" time="0.0">
    <ignored/>
  </testcase> <!-- adsQuantityTest -->
  <testcase classname="com.qa.take_home_webdriver_test.tests.YourStorePageTest" name="validateYourPageTitleTest" time="0.0">
    <ignored/>
  </testcase> <!-- validateYourPageTitleTest -->
</testsuite> <!-- Selenium Take Home WebDriver -->
