<?xml version="1.0" encoding="UTF-8"?>
<!-- Generated by org.testng.reporters.JUnitXMLReporter -->
<testsuite ignored="1" hostname="Macbook-Pro" failures="0" tests="2" name="Selenium Take Home WebDriver" time="13.954" errors="0" timestamp="2023-01-13T12:52:27 EST">
  <testcase classname="com.qa.take_home_webdriver_test.tests.TakeHomeWebDriverTest" name="loginSuccessTest" time="1.572"/>
  <testcase classname="com.qa.take_home_webdriver_test.tests.TakeHomeWebDriverTest" name="loginFailureTest" time="1.299"/>
  <testcase classname="com.qa.take_home_webdriver_test.tests.TakeHomeWebDriverTest" name="doLoginValidEmailWrongPswCredentialsTest" time="0.0">
    <ignored/>
  </testcase> <!-- doLoginValidEmailWrongPswCredentialsTest -->
</testsuite> <!-- Selenium Take Home WebDriver -->
